2025-01-31 22:59:11,680 - app - INFO - Creating database and database tables...
2025-01-31 22:59:11,687 - sqlalchemy.engine.Engine - INFO - BEGIN (implicit)
2025-01-31 22:59:11,687 - sqlalchemy.engine.Engine - INFO - PRAGMA main.table_info("users")
2025-01-31 22:59:11,688 - sqlalchemy.engine.Engine - INFO - [raw sql] ()
2025-01-31 22:59:11,694 - sqlalchemy.engine.Engine - INFO - PRAGMA main.table_info("posts")
2025-01-31 22:59:11,695 - sqlalchemy.engine.Engine - INFO - [raw sql] ()
2025-01-31 22:59:11,699 - sqlalchemy.engine.Engine - INFO - PRAGMA main.table_info("media")
2025-01-31 22:59:11,700 - sqlalchemy.engine.Engine - INFO - [raw sql] ()
2025-01-31 22:59:11,729 - sqlalchemy.engine.Engine - INFO - PRAGMA main.table_info("Likes")
2025-01-31 22:59:11,729 - sqlalchemy.engine.Engine - INFO - [raw sql] ()
2025-01-31 22:59:11,732 - sqlalchemy.engine.Engine - INFO - PRAGMA main.table_info("Comments")
2025-01-31 22:59:11,733 - sqlalchemy.engine.Engine - INFO - [raw sql] ()
2025-01-31 22:59:11,736 - sqlalchemy.engine.Engine - INFO - PRAGMA main.table_info("FollowingAndFolowees")
2025-01-31 22:59:11,736 - sqlalchemy.engine.Engine - INFO - [raw sql] ()
2025-01-31 22:59:11,740 - sqlalchemy.engine.Engine - INFO - PRAGMA main.table_info("Links")
2025-01-31 22:59:11,741 - sqlalchemy.engine.Engine - INFO - [raw sql] ()
2025-01-31 22:59:11,744 - sqlalchemy.engine.Engine - INFO - PRAGMA main.table_info("Chats")
2025-01-31 22:59:11,744 - sqlalchemy.engine.Engine - INFO - [raw sql] ()
2025-01-31 22:59:11,747 - sqlalchemy.engine.Engine - INFO - PRAGMA main.table_info("Messages")
2025-01-31 22:59:11,748 - sqlalchemy.engine.Engine - INFO - [raw sql] ()
2025-01-31 22:59:11,751 - sqlalchemy.engine.Engine - INFO - PRAGMA main.table_info("Cart")
2025-01-31 22:59:11,752 - sqlalchemy.engine.Engine - INFO - [raw sql] ()
2025-01-31 22:59:11,754 - sqlalchemy.engine.Engine - INFO - PRAGMA main.table_info("SellerStats")
2025-01-31 22:59:11,755 - sqlalchemy.engine.Engine - INFO - [raw sql] ()
2025-01-31 22:59:11,757 - sqlalchemy.engine.Engine - INFO - COMMIT
2025-01-31 22:59:43,638 - app - INFO - Creating database and database tables...
2025-01-31 22:59:43,655 - sqlalchemy.engine.Engine - INFO - BEGIN (implicit)
2025-01-31 22:59:43,657 - sqlalchemy.engine.Engine - INFO - PRAGMA main.table_info("users")
2025-01-31 22:59:43,658 - sqlalchemy.engine.Engine - INFO - [raw sql] ()
2025-01-31 22:59:43,669 - sqlalchemy.engine.Engine - INFO - PRAGMA main.table_info("posts")
2025-01-31 22:59:43,670 - sqlalchemy.engine.Engine - INFO - [raw sql] ()
2025-01-31 22:59:43,674 - sqlalchemy.engine.Engine - INFO - PRAGMA main.table_info("media")
2025-01-31 22:59:43,675 - sqlalchemy.engine.Engine - INFO - [raw sql] ()
2025-01-31 22:59:43,681 - sqlalchemy.engine.Engine - INFO - PRAGMA main.table_info("Likes")
2025-01-31 22:59:43,681 - sqlalchemy.engine.Engine - INFO - [raw sql] ()
2025-01-31 22:59:43,687 - sqlalchemy.engine.Engine - INFO - PRAGMA main.table_info("Comments")
2025-01-31 22:59:43,687 - sqlalchemy.engine.Engine - INFO - [raw sql] ()
2025-01-31 22:59:43,692 - sqlalchemy.engine.Engine - INFO - PRAGMA main.table_info("FollowingAndFolowees")
2025-01-31 22:59:43,693 - sqlalchemy.engine.Engine - INFO - [raw sql] ()
2025-01-31 22:59:43,697 - sqlalchemy.engine.Engine - INFO - PRAGMA main.table_info("Links")
2025-01-31 22:59:43,698 - sqlalchemy.engine.Engine - INFO - [raw sql] ()
2025-01-31 22:59:43,703 - sqlalchemy.engine.Engine - INFO - PRAGMA main.table_info("Chats")
2025-01-31 22:59:43,703 - sqlalchemy.engine.Engine - INFO - [raw sql] ()
2025-01-31 22:59:43,708 - sqlalchemy.engine.Engine - INFO - PRAGMA main.table_info("Messages")
2025-01-31 22:59:43,708 - sqlalchemy.engine.Engine - INFO - [raw sql] ()
2025-01-31 22:59:43,710 - sqlalchemy.engine.Engine - INFO - PRAGMA main.table_info("Cart")
2025-01-31 22:59:43,710 - sqlalchemy.engine.Engine - INFO - [raw sql] ()
2025-01-31 22:59:43,713 - sqlalchemy.engine.Engine - INFO - PRAGMA main.table_info("SellerStats")
2025-01-31 22:59:43,713 - sqlalchemy.engine.Engine - INFO - [raw sql] ()
2025-01-31 22:59:43,715 - sqlalchemy.engine.Engine - INFO - COMMIT
